# JRE version: OpenJDK Runtime Environment (8.0_202-b03) (build 1.8.0_202-release-1483-b03)
# Java VM: OpenJDK 64-Bit Server VM (25.202-b03 mixed mode windows-amd64 compressed oops)
Heap:
 PSYoungGen      total 239104K, used 139722K [0x00000000e0000000, 0x00000000f1300000, 0x0000000100000000)
  eden space 229888K, 56% used [0x00000000e0000000,0x00000000e7fdecc8,0x00000000ee080000)
  from space 9216K, 95% used [0x00000000f0a00000,0x00000000f1293c38,0x00000000f1300000)
  to   space 18944K, 0% used [0x00000000eee00000,0x00000000eee00000,0x00000000f0080000)
 ParOldGen       total 108032K, used 38960K [0x00000000a0000000, 0x00000000a6980000, 0x00000000e0000000)
  object space 108032K, 36% used [0x00000000a0000000,0x00000000a260c140,0x00000000a6980000)
 Metaspace       used 65459K, capacity 67378K, committed 67672K, reserved 1107968K
  class space    used 8509K, capacity 8964K, committed 9088K, reserved 1048576K
GC Heap History (10 events):
Event: 32.500 GC heap before
{Heap before GC invocations=11 (full 2):
 PSYoungGen      total 129536K, used 10742K [0x00000000e0000000, 0x00000000ebf00000, 0x0000000100000000)
  eden space 118784K, 0% used [0x00000000e0000000,0x00000000e0000000,0x00000000e7400000)
  from space 10752K, 99% used [0x00000000e7400000,0x00000000e7e7d920,0x00000000e7e80000)
  to   space 11776K, 0% used [0x00000000eb380000,0x00000000eb380000,0x00000000ebf00000)
 ParOldGen       total 52224K, used 8078K [0x00000000a0000000, 0x00000000a3300000, 0x00000000e0000000)
  object space 52224K, 15% used [0x00000000a0000000,0x00000000a07e3ab8,0x00000000a3300000)
 Metaspace       used 34723K, capacity 35272K, committed 35416K, reserved 1079296K
  class space    used 4765K, capacity 4965K, committed 4992K, reserved 1048576K
Event: 32.566 GC heap after
Heap after GC invocations=11 (full 2):
 PSYoungGen      total 129536K, used 0K [0x00000000e0000000, 0x00000000ebf00000, 0x0000000100000000)
  eden space 118784K, 0% used [0x00000000e0000000,0x00000000e0000000,0x00000000e7400000)
  from space 10752K, 0% used [0x00000000e7400000,0x00000000e7400000,0x00000000e7e80000)
  to   space 11776K, 0% used [0x00000000eb380000,0x00000000eb380000,0x00000000ebf00000)
 ParOldGen       total 72192K, used 17741K [0x00000000a0000000, 0x00000000a4680000, 0x00000000e0000000)
  object space 72192K, 24% used [0x00000000a0000000,0x00000000a1153560,0x00000000a4680000)
 Metaspace       used 34723K, capacity 35272K, committed 35416K, reserved 1079296K
  class space    used 4765K, capacity 4965K, committed 4992K, reserved 1048576K
}
Event: 35.784 GC heap before
{Heap before GC invocations=12 (full 2):
 PSYoungGen      total 129536K, used 118784K [0x00000000e0000000, 0x00000000ebf00000, 0x0000000100000000)
  eden space 118784K, 100% used [0x00000000e0000000,0x00000000e7400000,0x00000000e7400000)
  from space 10752K, 0% used [0x00000000e7400000,0x00000000e7400000,0x00000000e7e80000)
  to   space 11776K, 0% used [0x00000000eb380000,0x00000000eb380000,0x00000000ebf00000)
 ParOldGen       total 72192K, used 17741K [0x00000000a0000000, 0x00000000a4680000, 0x00000000e0000000)
  object space 72192K, 24% used [0x00000000a0000000,0x00000000a1153560,0x00000000a4680000)
 Metaspace       used 45493K, capacity 46460K, committed 46552K, reserved 1089536K
  class space    used 6128K, capacity 6399K, committed 6400K, reserved 1048576K
Event: 35.974 GC heap after
Heap after GC invocations=12 (full 2):
 PSYoungGen      total 181248K, used 11755K [0x00000000e0000000, 0x00000000ecb00000, 0x0000000100000000)
  eden space 169472K, 0% used [0x00000000e0000000,0x00000000e0000000,0x00000000ea580000)
  from space 11776K, 99% used [0x00000000eb380000,0x00000000ebefad58,0x00000000ebf00000)
  to   space 14336K, 0% used [0x00000000ea580000,0x00000000ea580000,0x00000000eb380000)
 ParOldGen       total 72192K, used 21241K [0x00000000a0000000, 0x00000000a4680000, 0x00000000e0000000)
  object space 72192K, 29% used [0x00000000a0000000,0x00000000a14be770,0x00000000a4680000)
 Metaspace       used 45493K, capacity 46460K, committed 46552K, reserved 1089536K
  class space    used 6128K, capacity 6399K, committed 6400K, reserved 1048576K
}
Event: 40.468 GC heap before
{Heap before GC invocations=13 (full 2):
 PSYoungGen      total 181248K, used 173436K [0x00000000e0000000, 0x00000000ecb00000, 0x0000000100000000)
  eden space 169472K, 95% used [0x00000000e0000000,0x00000000e9de44c0,0x00000000ea580000)
  from space 11776K, 99% used [0x00000000eb380000,0x00000000ebefad58,0x00000000ebf00000)
  to   space 14336K, 0% used [0x00000000ea580000,0x00000000ea580000,0x00000000eb380000)
 ParOldGen       total 72192K, used 21241K [0x00000000a0000000, 0x00000000a4680000, 0x00000000e0000000)
  object space 72192K, 29% used [0x00000000a0000000,0x00000000a14be770,0x00000000a4680000)
 Metaspace       used 57228K, capacity 58858K, committed 59028K, reserved 1099776K
  class space    used 7762K, capacity 8172K, committed 8192K, reserved 1048576K
Event: 40.491 GC heap after
Heap after GC invocations=13 (full 2):
 PSYoungGen      total 183808K, used 14334K [0x00000000e0000000, 0x00000000f1d80000, 0x0000000100000000)
  eden space 169472K, 0% used [0x00000000e0000000,0x00000000e0000000,0x00000000ea580000)
  from space 14336K, 99% used [0x00000000ea580000,0x00000000eb37fbd8,0x00000000eb380000)
  to   space 19968K, 0% used [0x00000000f0a00000,0x00000000f0a00000,0x00000000f1d80000)
 ParOldGen       total 72192K, used 31297K [0x00000000a0000000, 0x00000000a4680000, 0x00000000e0000000)
  object space 72192K, 43% used [0x00000000a0000000,0x00000000a1e90470,0x00000000a4680000)
 Metaspace       used 57228K, capacity 58858K, committed 59028K, reserved 1099776K
  class space    used 7762K, capacity 8172K, committed 8192K, reserved 1048576K
}
Event: 40.491 GC heap before
{Heap before GC invocations=14 (full 3):
 PSYoungGen      total 183808K, used 14334K [0x00000000e0000000, 0x00000000f1d80000, 0x0000000100000000)
  eden space 169472K, 0% used [0x00000000e0000000,0x00000000e0000000,0x00000000ea580000)
  from space 14336K, 99% used [0x00000000ea580000,0x00000000eb37fbd8,0x00000000eb380000)
  to   space 19968K, 0% used [0x00000000f0a00000,0x00000000f0a00000,0x00000000f1d80000)
 ParOldGen       total 72192K, used 31297K [0x00000000a0000000, 0x00000000a4680000, 0x00000000e0000000)
  object space 72192K, 43% used [0x00000000a0000000,0x00000000a1e90470,0x00000000a4680000)
 Metaspace       used 57228K, capacity 58858K, committed 59028K, reserved 1099776K
  class space    used 7762K, capacity 8172K, committed 8192K, reserved 1048576K
Event: 40.655 GC heap after
Heap after GC invocations=14 (full 3):
 PSYoungGen      total 183808K, used 0K [0x00000000e0000000, 0x00000000f1d80000, 0x0000000100000000)
  eden space 169472K, 0% used [0x00000000e0000000,0x00000000e0000000,0x00000000ea580000)
  from space 14336K, 0% used [0x00000000ea580000,0x00000000ea580000,0x00000000eb380000)
  to   space 19968K, 0% used [0x00000000f0a00000,0x00000000f0a00000,0x00000000f1d80000)
 ParOldGen       total 108032K, used 38952K [0x00000000a0000000, 0x00000000a6980000, 0x00000000e0000000)
  object space 108032K, 36% used [0x00000000a0000000,0x00000000a260a140,0x00000000a6980000)
 Metaspace       used 57203K, capacity 58790K, committed 59028K, reserved 1099776K
  class space    used 7754K, capacity 8158K, committed 8192K, reserved 1048576K
}
Event: 3158.656 GC heap before
{Heap before GC invocations=15 (full 3):
 PSYoungGen      total 183808K, used 169472K [0x00000000e0000000, 0x00000000f1d80000, 0x0000000100000000)
  eden space 169472K, 100% used [0x00000000e0000000,0x00000000ea580000,0x00000000ea580000)
  from space 14336K, 0% used [0x00000000ea580000,0x00000000ea580000,0x00000000eb380000)
  to   space 19968K, 0% used [0x00000000f0a00000,0x00000000f0a00000,0x00000000f1d80000)
 ParOldGen       total 108032K, used 38952K [0x00000000a0000000, 0x00000000a6980000, 0x00000000e0000000)
  object space 108032K, 36% used [0x00000000a0000000,0x00000000a260a140,0x00000000a6980000)
 Metaspace       used 63017K, capacity 64870K, committed 64984K, reserved 1105920K
  class space    used 8217K, capacity 8682K, committed 8704K, reserved 1048576K
Event: 3158.711 GC heap after
Heap after GC invocations=15 (full 3):
 PSYoungGen      total 239104K, used 8783K [0x00000000e0000000, 0x00000000f1300000, 0x0000000100000000)
  eden space 229888K, 0% used [0x00000000e0000000,0x00000000e0000000,0x00000000ee080000)
  from space 9216K, 95% used [0x00000000f0a00000,0x00000000f1293c38,0x00000000f1300000)
  to   space 18944K, 0% used [0x00000000eee00000,0x00000000eee00000,0x00000000f0080000)
 ParOldGen       total 108032K, used 38960K [0x00000000a0000000, 0x00000000a6980000, 0x00000000e0000000)
  object space 108032K, 36% used [0x00000000a0000000,0x00000000a260c140,0x00000000a6980000)
 Metaspace       used 63017K, capacity 64870K, committed 64984K, reserved 1105920K
  class space    used 8217K, capacity 8682K, committed 8704K, reserved 1048576K
}

