# JRE version: OpenJDK Runtime Environment (8.0_202-b03) (build 1.8.0_202-release-1483-b03)
# Java VM: OpenJDK 64-Bit Server VM (25.202-b03 mixed mode windows-amd64 compressed oops)
Heap:
 PSYoungGen      total 206336K, used 16301K [0x00000000e0000000, 0x00000000edf00000, 0x0000000100000000)
  eden space 184320K, 8% used [0x00000000e0000000,0x00000000e0feb5f8,0x00000000eb400000)
  from space 22016K, 0% used [0x00000000eb400000,0x00000000eb400000,0x00000000ec980000)
  to   space 18432K, 0% used [0x00000000ecd00000,0x00000000ecd00000,0x00000000edf00000)
 ParOldGen       total 118784K, used 67590K [0x00000000a0000000, 0x00000000a7400000, 0x00000000e0000000)
  object space 118784K, 56% used [0x00000000a0000000,0x00000000a4201ac0,0x00000000a7400000)
 Metaspace       used 80875K, capacity 83880K, committed 84248K, reserved 1122304K
  class space    used 10529K, capacity 11201K, committed 11304K, reserved 1048576K
GC Heap History (10 events):
Event: 37.302 GC heap before
{Heap before GC invocations=23 (full 3):
 PSYoungGen      total 157184K, used 157182K [0x00000000e0000000, 0x00000000ec480000, 0x0000000100000000)
  eden space 143872K, 100% used [0x00000000e0000000,0x00000000e8c80000,0x00000000e8c80000)
  from space 13312K, 99% used [0x00000000e8c80000,0x00000000e997fa98,0x00000000e9980000)
  to   space 16896K, 0% used [0x00000000eb400000,0x00000000eb400000,0x00000000ec480000)
 ParOldGen       total 118784K, used 51202K [0x00000000a0000000, 0x00000000a7400000, 0x00000000e0000000)
  object space 118784K, 43% used [0x00000000a0000000,0x00000000a3200bc8,0x00000000a7400000)
 Metaspace       used 71355K, capacity 74272K, committed 74392K, reserved 1114112K
  class space    used 9474K, capacity 10099K, committed 10152K, reserved 1048576K
Event: 37.329 GC heap after
Heap after GC invocations=23 (full 3):
 PSYoungGen      total 179200K, used 10939K [0x00000000e0000000, 0x00000000ec200000, 0x0000000100000000)
  eden space 164864K, 0% used [0x00000000e0000000,0x00000000e0000000,0x00000000ea100000)
  from space 14336K, 76% used [0x00000000eb400000,0x00000000ebeaece8,0x00000000ec200000)
  to   space 16896K, 0% used [0x00000000ea100000,0x00000000ea100000,0x00000000eb180000)
 ParOldGen       total 118784K, used 61601K [0x00000000a0000000, 0x00000000a7400000, 0x00000000e0000000)
  object space 118784K, 51% used [0x00000000a0000000,0x00000000a3c287b0,0x00000000a7400000)
 Metaspace       used 71355K, capacity 74272K, committed 74392K, reserved 1114112K
  class space    used 9474K, capacity 10099K, committed 10152K, reserved 1048576K
}
Event: 40.450 GC heap before
{Heap before GC invocations=24 (full 3):
 PSYoungGen      total 179200K, used 175803K [0x00000000e0000000, 0x00000000ec200000, 0x0000000100000000)
  eden space 164864K, 100% used [0x00000000e0000000,0x00000000ea100000,0x00000000ea100000)
  from space 14336K, 76% used [0x00000000eb400000,0x00000000ebeaece8,0x00000000ec200000)
  to   space 16896K, 0% used [0x00000000ea100000,0x00000000ea100000,0x00000000eb180000)
 ParOldGen       total 118784K, used 61601K [0x00000000a0000000, 0x00000000a7400000, 0x00000000e0000000)
  object space 118784K, 51% used [0x00000000a0000000,0x00000000a3c287b0,0x00000000a7400000)
 Metaspace       used 72198K, capacity 75122K, committed 75288K, reserved 1114112K
  class space    used 9549K, capacity 10186K, committed 10280K, reserved 1048576K
Event: 40.472 GC heap after
Heap after GC invocations=24 (full 3):
 PSYoungGen      total 181760K, used 16869K [0x00000000e0000000, 0x00000000ee300000, 0x0000000100000000)
  eden space 164864K, 0% used [0x00000000e0000000,0x00000000e0000000,0x00000000ea100000)
  from space 16896K, 99% used [0x00000000ea100000,0x00000000eb1797f0,0x00000000eb180000)
  to   space 22528K, 0% used [0x00000000ecd00000,0x00000000ecd00000,0x00000000ee300000)
 ParOldGen       total 118784K, used 71023K [0x00000000a0000000, 0x00000000a7400000, 0x00000000e0000000)
  object space 118784K, 59% used [0x00000000a0000000,0x00000000a455bfe0,0x00000000a7400000)
 Metaspace       used 72198K, capacity 75122K, committed 75288K, reserved 1114112K
  class space    used 9549K, capacity 10186K, committed 10280K, reserved 1048576K
}
Event: 51.492 GC heap before
{Heap before GC invocations=25 (full 3):
 PSYoungGen      total 181760K, used 181733K [0x00000000e0000000, 0x00000000ee300000, 0x0000000100000000)
  eden space 164864K, 100% used [0x00000000e0000000,0x00000000ea100000,0x00000000ea100000)
  from space 16896K, 99% used [0x00000000ea100000,0x00000000eb1797f0,0x00000000eb180000)
  to   space 22528K, 0% used [0x00000000ecd00000,0x00000000ecd00000,0x00000000ee300000)
 ParOldGen       total 118784K, used 71023K [0x00000000a0000000, 0x00000000a7400000, 0x00000000e0000000)
  object space 118784K, 59% used [0x00000000a0000000,0x00000000a455bfe0,0x00000000a7400000)
 Metaspace       used 75895K, capacity 78930K, committed 79256K, reserved 1118208K
  class space    used 9929K, capacity 10576K, committed 10664K, reserved 1048576K
Event: 51.511 GC heap after
Heap after GC invocations=25 (full 3):
 PSYoungGen      total 202752K, used 5551K [0x00000000e0000000, 0x00000000edf00000, 0x0000000100000000)
  eden space 184320K, 0% used [0x00000000e0000000,0x00000000e0000000,0x00000000eb400000)
  from space 18432K, 30% used [0x00000000ecd00000,0x00000000ed26bfe0,0x00000000edf00000)
  to   space 22016K, 0% used [0x00000000eb400000,0x00000000eb400000,0x00000000ec980000)
 ParOldGen       total 118784K, used 82198K [0x00000000a0000000, 0x00000000a7400000, 0x00000000e0000000)
  object space 118784K, 69% used [0x00000000a0000000,0x00000000a50458c8,0x00000000a7400000)
 Metaspace       used 75895K, capacity 78930K, committed 79256K, reserved 1118208K
  class space    used 9929K, capacity 10576K, committed 10664K, reserved 1048576K
}
Event: 74.814 GC heap before
{Heap before GC invocations=26 (full 3):
 PSYoungGen      total 202752K, used 89387K [0x00000000e0000000, 0x00000000edf00000, 0x0000000100000000)
  eden space 184320K, 45% used [0x00000000e0000000,0x00000000e51def00,0x00000000eb400000)
  from space 18432K, 30% used [0x00000000ecd00000,0x00000000ed26bfe0,0x00000000edf00000)
  to   space 22016K, 0% used [0x00000000eb400000,0x00000000eb400000,0x00000000ec980000)
 ParOldGen       total 118784K, used 82198K [0x00000000a0000000, 0x00000000a7400000, 0x00000000e0000000)
  object space 118784K, 69% used [0x00000000a0000000,0x00000000a50458c8,0x00000000a7400000)
 Metaspace       used 78712K, capacity 81854K, committed 81944K, reserved 1124352K
  class space    used 10302K, capacity 10982K, committed 11048K, reserved 1048576K
Event: 74.894 GC heap after
Heap after GC invocations=26 (full 3):
 PSYoungGen      total 206336K, used 10271K [0x00000000e0000000, 0x00000000edf00000, 0x0000000100000000)
  eden space 184320K, 0% used [0x00000000e0000000,0x00000000e0000000,0x00000000eb400000)
  from space 22016K, 46% used [0x00000000eb400000,0x00000000ebe07e98,0x00000000ec980000)
  to   space 18432K, 0% used [0x00000000ecd00000,0x00000000ecd00000,0x00000000edf00000)
 ParOldGen       total 118784K, used 82206K [0x00000000a0000000, 0x00000000a7400000, 0x00000000e0000000)
  object space 118784K, 69% used [0x00000000a0000000,0x00000000a50478c8,0x00000000a7400000)
 Metaspace       used 78712K, capacity 81854K, committed 81944K, reserved 1124352K
  class space    used 10302K, capacity 10982K, committed 11048K, reserved 1048576K
}
Event: 74.894 GC heap before
{Heap before GC invocations=27 (full 4):
 PSYoungGen      total 206336K, used 10271K [0x00000000e0000000, 0x00000000edf00000, 0x0000000100000000)
  eden space 184320K, 0% used [0x00000000e0000000,0x00000000e0000000,0x00000000eb400000)
  from space 22016K, 46% used [0x00000000eb400000,0x00000000ebe07e98,0x00000000ec980000)
  to   space 18432K, 0% used [0x00000000ecd00000,0x00000000ecd00000,0x00000000edf00000)
 ParOldGen       total 118784K, used 82206K [0x00000000a0000000, 0x00000000a7400000, 0x00000000e0000000)
  object space 118784K, 69% used [0x00000000a0000000,0x00000000a50478c8,0x00000000a7400000)
 Metaspace       used 78712K, capacity 81854K, committed 81944K, reserved 1124352K
  class space    used 10302K, capacity 10982K, committed 11048K, reserved 1048576K
Event: 76.250 GC heap after
Heap after GC invocations=27 (full 4):
 PSYoungGen      total 206336K, used 0K [0x00000000e0000000, 0x00000000edf00000, 0x0000000100000000)
  eden space 184320K, 0% used [0x00000000e0000000,0x00000000e0000000,0x00000000eb400000)
  from space 22016K, 0% used [0x00000000eb400000,0x00000000eb400000,0x00000000ec980000)
  to   space 18432K, 0% used [0x00000000ecd00000,0x00000000ecd00000,0x00000000edf00000)
 ParOldGen       total 118784K, used 67590K [0x00000000a0000000, 0x00000000a7400000, 0x00000000e0000000)
  object space 118784K, 56% used [0x00000000a0000000,0x00000000a4201ac0,0x00000000a7400000)
 Metaspace       used 78643K, capacity 81640K, committed 81944K, reserved 1122304K
  class space    used 10280K, capacity 10945K, committed 11048K, reserved 1048576K
}

