# JRE version: OpenJDK Runtime Environment (8.0_202-b03) (build 1.8.0_202-release-1483-b03)
# Java VM: OpenJDK 64-Bit Server VM (25.202-b03 mixed mode windows-amd64 compressed oops)
Heap:
 PSYoungGen      total 199680K, used 10442K [0x00000000e0000000, 0x00000000ee200000, 0x0000000100000000)
  eden space 182272K, 5% used [0x00000000e0000000,0x00000000e0a32958,0x00000000eb200000)
  from space 17408K, 0% used [0x00000000ec680000,0x00000000ec680000,0x00000000ed780000)
  to   space 20992K, 0% used [0x00000000eb200000,0x00000000eb200000,0x00000000ec680000)
 ParOldGen       total 97280K, used 35444K [0x00000000a0000000, 0x00000000a5f00000, 0x00000000e0000000)
  object space 97280K, 36% used [0x00000000a0000000,0x00000000a229d3d8,0x00000000a5f00000)
 Metaspace       used 57993K, capacity 59708K, committed 59800K, reserved 1101824K
  class space    used 7880K, capacity 8359K, committed 8360K, reserved 1048576K
GC Heap History (10 events):
Event: 8.491 GC heap before
{Heap before GC invocations=9 (full 1):
 PSYoungGen      total 141312K, used 32579K [0x00000000e0000000, 0x00000000ead80000, 0x0000000100000000)
  eden space 129536K, 16% used [0x00000000e0000000,0x00000000e1456438,0x00000000e7e80000)
  from space 11776K, 99% used [0x00000000e7e80000,0x00000000e89faa58,0x00000000e8a00000)
  to   space 13824K, 0% used [0x00000000ea000000,0x00000000ea000000,0x00000000ead80000)
 ParOldGen       total 65024K, used 11054K [0x00000000a0000000, 0x00000000a3f80000, 0x00000000e0000000)
  object space 65024K, 16% used [0x00000000a0000000,0x00000000a0acb818,0x00000000a3f80000)
 Metaspace       used 34726K, capacity 35478K, committed 35496K, reserved 1079296K
  class space    used 4787K, capacity 5030K, committed 5032K, reserved 1048576K
Event: 8.500 GC heap after
Heap after GC invocations=9 (full 1):
 PSYoungGen      total 163840K, used 9414K [0x00000000e0000000, 0x00000000ed380000, 0x0000000100000000)
  eden space 150016K, 0% used [0x00000000e0000000,0x00000000e0000000,0x00000000e9280000)
  from space 13824K, 68% used [0x00000000ea000000,0x00000000ea9318f8,0x00000000ead80000)
  to   space 13824K, 0% used [0x00000000e9280000,0x00000000e9280000,0x00000000ea000000)
 ParOldGen       total 65024K, used 11062K [0x00000000a0000000, 0x00000000a3f80000, 0x00000000e0000000)
  object space 65024K, 17% used [0x00000000a0000000,0x00000000a0acd818,0x00000000a3f80000)
 Metaspace       used 34726K, capacity 35478K, committed 35496K, reserved 1079296K
  class space    used 4787K, capacity 5030K, committed 5032K, reserved 1048576K
}
Event: 8.501 GC heap before
{Heap before GC invocations=10 (full 2):
 PSYoungGen      total 163840K, used 9414K [0x00000000e0000000, 0x00000000ed380000, 0x0000000100000000)
  eden space 150016K, 0% used [0x00000000e0000000,0x00000000e0000000,0x00000000e9280000)
  from space 13824K, 68% used [0x00000000ea000000,0x00000000ea9318f8,0x00000000ead80000)
  to   space 13824K, 0% used [0x00000000e9280000,0x00000000e9280000,0x00000000ea000000)
 ParOldGen       total 65024K, used 11062K [0x00000000a0000000, 0x00000000a3f80000, 0x00000000e0000000)
  object space 65024K, 17% used [0x00000000a0000000,0x00000000a0acd818,0x00000000a3f80000)
 Metaspace       used 34726K, capacity 35478K, committed 35496K, reserved 1079296K
  class space    used 4787K, capacity 5030K, committed 5032K, reserved 1048576K
Event: 8.569 GC heap after
Heap after GC invocations=10 (full 2):
 PSYoungGen      total 163840K, used 0K [0x00000000e0000000, 0x00000000ed380000, 0x0000000100000000)
  eden space 150016K, 0% used [0x00000000e0000000,0x00000000e0000000,0x00000000e9280000)
  from space 13824K, 0% used [0x00000000ea000000,0x00000000ea000000,0x00000000ead80000)
  to   space 13824K, 0% used [0x00000000e9280000,0x00000000e9280000,0x00000000ea000000)
 ParOldGen       total 97280K, used 16397K [0x00000000a0000000, 0x00000000a5f00000, 0x00000000e0000000)
  object space 97280K, 16% used [0x00000000a0000000,0x00000000a1003640,0x00000000a5f00000)
 Metaspace       used 34712K, capacity 35430K, committed 35496K, reserved 1079296K
  class space    used 4783K, capacity 5022K, committed 5032K, reserved 1048576K
}
Event: 17.004 GC heap before
{Heap before GC invocations=11 (full 2):
 PSYoungGen      total 163840K, used 150016K [0x00000000e0000000, 0x00000000ed380000, 0x0000000100000000)
  eden space 150016K, 100% used [0x00000000e0000000,0x00000000e9280000,0x00000000e9280000)
  from space 13824K, 0% used [0x00000000ea000000,0x00000000ea000000,0x00000000ead80000)
  to   space 13824K, 0% used [0x00000000e9280000,0x00000000e9280000,0x00000000ea000000)
 ParOldGen       total 97280K, used 16397K [0x00000000a0000000, 0x00000000a5f00000, 0x00000000e0000000)
  object space 97280K, 16% used [0x00000000a0000000,0x00000000a1003640,0x00000000a5f00000)
 Metaspace       used 49051K, capacity 50320K, committed 50600K, reserved 1093632K
  class space    used 6638K, capacity 7009K, committed 7080K, reserved 1048576K
Event: 17.026 GC heap after
Heap after GC invocations=11 (full 2):
 PSYoungGen      total 163840K, used 13802K [0x00000000e0000000, 0x00000000ed780000, 0x0000000100000000)
  eden space 150016K, 0% used [0x00000000e0000000,0x00000000e0000000,0x00000000e9280000)
  from space 13824K, 99% used [0x00000000e9280000,0x00000000e9ffaaa0,0x00000000ea000000)
  to   space 17408K, 0% used [0x00000000ec680000,0x00000000ec680000,0x00000000ed780000)
 ParOldGen       total 97280K, used 21521K [0x00000000a0000000, 0x00000000a5f00000, 0x00000000e0000000)
  object space 97280K, 22% used [0x00000000a0000000,0x00000000a1504698,0x00000000a5f00000)
 Metaspace       used 49051K, capacity 50320K, committed 50600K, reserved 1093632K
  class space    used 6638K, capacity 7009K, committed 7080K, reserved 1048576K
}
Event: 20.775 GC heap before
{Heap before GC invocations=12 (full 2):
 PSYoungGen      total 163840K, used 124799K [0x00000000e0000000, 0x00000000ed780000, 0x0000000100000000)
  eden space 150016K, 73% used [0x00000000e0000000,0x00000000e6c65328,0x00000000e9280000)
  from space 13824K, 99% used [0x00000000e9280000,0x00000000e9ffaaa0,0x00000000ea000000)
  to   space 17408K, 0% used [0x00000000ec680000,0x00000000ec680000,0x00000000ed780000)
 ParOldGen       total 97280K, used 21521K [0x00000000a0000000, 0x00000000a5f00000, 0x00000000e0000000)
  object space 97280K, 22% used [0x00000000a0000000,0x00000000a1504698,0x00000000a5f00000)
 Metaspace       used 57514K, capacity 59098K, committed 59160K, reserved 1099776K
  class space    used 7799K, capacity 8226K, committed 8232K, reserved 1048576K
Event: 20.823 GC heap after
Heap after GC invocations=12 (full 2):
 PSYoungGen      total 199680K, used 17400K [0x00000000e0000000, 0x00000000ee200000, 0x0000000100000000)
  eden space 182272K, 0% used [0x00000000e0000000,0x00000000e0000000,0x00000000eb200000)
  from space 17408K, 99% used [0x00000000ec680000,0x00000000ed77e048,0x00000000ed780000)
  to   space 20992K, 0% used [0x00000000eb200000,0x00000000eb200000,0x00000000ec680000)
 ParOldGen       total 97280K, used 24603K [0x00000000a0000000, 0x00000000a5f00000, 0x00000000e0000000)
  object space 97280K, 25% used [0x00000000a0000000,0x00000000a1806f78,0x00000000a5f00000)
 Metaspace       used 57514K, capacity 59098K, committed 59160K, reserved 1099776K
  class space    used 7799K, capacity 8226K, committed 8232K, reserved 1048576K
}
Event: 20.823 GC heap before
{Heap before GC invocations=13 (full 3):
 PSYoungGen      total 199680K, used 17400K [0x00000000e0000000, 0x00000000ee200000, 0x0000000100000000)
  eden space 182272K, 0% used [0x00000000e0000000,0x00000000e0000000,0x00000000eb200000)
  from space 17408K, 99% used [0x00000000ec680000,0x00000000ed77e048,0x00000000ed780000)
  to   space 20992K, 0% used [0x00000000eb200000,0x00000000eb200000,0x00000000ec680000)
 ParOldGen       total 97280K, used 24603K [0x00000000a0000000, 0x00000000a5f00000, 0x00000000e0000000)
  object space 97280K, 25% used [0x00000000a0000000,0x00000000a1806f78,0x00000000a5f00000)
 Metaspace       used 57514K, capacity 59098K, committed 59160K, reserved 1099776K
  class space    used 7799K, capacity 8226K, committed 8232K, reserved 1048576K
Event: 21.026 GC heap after
Heap after GC invocations=13 (full 3):
 PSYoungGen      total 199680K, used 0K [0x00000000e0000000, 0x00000000ee200000, 0x0000000100000000)
  eden space 182272K, 0% used [0x00000000e0000000,0x00000000e0000000,0x00000000eb200000)
  from space 17408K, 0% used [0x00000000ec680000,0x00000000ec680000,0x00000000ed780000)
  to   space 20992K, 0% used [0x00000000eb200000,0x00000000eb200000,0x00000000ec680000)
 ParOldGen       total 97280K, used 35444K [0x00000000a0000000, 0x00000000a5f00000, 0x00000000e0000000)
  object space 97280K, 36% used [0x00000000a0000000,0x00000000a229d3d8,0x00000000a5f00000)
 Metaspace       used 57514K, capacity 59098K, committed 59160K, reserved 1099776K
  class space    used 7799K, capacity 8226K, committed 8232K, reserved 1048576K
}

