# JRE version: OpenJDK Runtime Environment (8.0_202-b03) (build 1.8.0_202-release-1483-b03)
# Java VM: OpenJDK 64-Bit Server VM (25.202-b03 mixed mode windows-amd64 compressed oops)
Heap:
 PSYoungGen      total 264704K, used 157971K [0x00000000e0000000, 0x00000000f1c00000, 0x0000000100000000)
  eden space 245248K, 64% used [0x00000000e0000000,0x00000000e9a44e80,0x00000000eef80000)
  from space 19456K, 0% used [0x00000000f0480000,0x00000000f0480000,0x00000000f1780000)
  to   space 21504K, 0% used [0x00000000eef80000,0x00000000eef80000,0x00000000f0480000)
 ParOldGen       total 124416K, used 32589K [0x00000000a0000000, 0x00000000a7980000, 0x00000000e0000000)
  object space 124416K, 26% used [0x00000000a0000000,0x00000000a1fd34b8,0x00000000a7980000)
 Metaspace       used 63994K, capacity 65961K, committed 66264K, reserved 1105920K
  class space    used 8645K, capacity 9122K, committed 9216K, reserved 1048576K
GC Heap History (10 events):
Event: 5.103 GC heap before
{Heap before GC invocations=9 (full 1):
 PSYoungGen      total 141312K, used 23723K [0x00000000e0000000, 0x00000000ecf80000, 0x0000000100000000)
  eden space 129536K, 9% used [0x00000000e0000000,0x00000000e0bad660,0x00000000e7e80000)
  from space 11776K, 99% used [0x00000000e7e80000,0x00000000e89fd8e8,0x00000000e8a00000)
  to   space 13824K, 0% used [0x00000000ec200000,0x00000000ec200000,0x00000000ecf80000)
 ParOldGen       total 60928K, used 11768K [0x00000000a0000000, 0x00000000a3b80000, 0x00000000e0000000)
  object space 60928K, 19% used [0x00000000a0000000,0x00000000a0b7e398,0x00000000a3b80000)
 Metaspace       used 34628K, capacity 35394K, committed 35456K, reserved 1079296K
  class space    used 4774K, capacity 4986K, committed 4992K, reserved 1048576K
Event: 5.110 GC heap after
Heap after GC invocations=9 (full 1):
 PSYoungGen      total 198656K, used 9047K [0x00000000e0000000, 0x00000000ef780000, 0x0000000100000000)
  eden space 184832K, 0% used [0x00000000e0000000,0x00000000e0000000,0x00000000eb480000)
  from space 13824K, 65% used [0x00000000ec200000,0x00000000ecad5df0,0x00000000ecf80000)
  to   space 13824K, 0% used [0x00000000eb480000,0x00000000eb480000,0x00000000ec200000)
 ParOldGen       total 60928K, used 11776K [0x00000000a0000000, 0x00000000a3b80000, 0x00000000e0000000)
  object space 60928K, 19% used [0x00000000a0000000,0x00000000a0b80398,0x00000000a3b80000)
 Metaspace       used 34628K, capacity 35394K, committed 35456K, reserved 1079296K
  class space    used 4774K, capacity 4986K, committed 4992K, reserved 1048576K
}
Event: 5.110 GC heap before
{Heap before GC invocations=10 (full 2):
 PSYoungGen      total 198656K, used 9047K [0x00000000e0000000, 0x00000000ef780000, 0x0000000100000000)
  eden space 184832K, 0% used [0x00000000e0000000,0x00000000e0000000,0x00000000eb480000)
  from space 13824K, 65% used [0x00000000ec200000,0x00000000ecad5df0,0x00000000ecf80000)
  to   space 13824K, 0% used [0x00000000eb480000,0x00000000eb480000,0x00000000ec200000)
 ParOldGen       total 60928K, used 11776K [0x00000000a0000000, 0x00000000a3b80000, 0x00000000e0000000)
  object space 60928K, 19% used [0x00000000a0000000,0x00000000a0b80398,0x00000000a3b80000)
 Metaspace       used 34628K, capacity 35394K, committed 35456K, reserved 1079296K
  class space    used 4774K, capacity 4986K, committed 4992K, reserved 1048576K
Event: 5.173 GC heap after
Heap after GC invocations=10 (full 2):
 PSYoungGen      total 198656K, used 0K [0x00000000e0000000, 0x00000000ef780000, 0x0000000100000000)
  eden space 184832K, 0% used [0x00000000e0000000,0x00000000e0000000,0x00000000eb480000)
  from space 13824K, 0% used [0x00000000ec200000,0x00000000ec200000,0x00000000ecf80000)
  to   space 13824K, 0% used [0x00000000eb480000,0x00000000eb480000,0x00000000ec200000)
 ParOldGen       total 83968K, used 16004K [0x00000000a0000000, 0x00000000a5200000, 0x00000000e0000000)
  object space 83968K, 19% used [0x00000000a0000000,0x00000000a0fa12b0,0x00000000a5200000)
 Metaspace       used 34628K, capacity 35394K, committed 35456K, reserved 1079296K
  class space    used 4774K, capacity 4986K, committed 4992K, reserved 1048576K
}
Event: 7.079 GC heap before
{Heap before GC invocations=11 (full 2):
 PSYoungGen      total 198656K, used 184832K [0x00000000e0000000, 0x00000000ef780000, 0x0000000100000000)
  eden space 184832K, 100% used [0x00000000e0000000,0x00000000eb480000,0x00000000eb480000)
  from space 13824K, 0% used [0x00000000ec200000,0x00000000ec200000,0x00000000ecf80000)
  to   space 13824K, 0% used [0x00000000eb480000,0x00000000eb480000,0x00000000ec200000)
 ParOldGen       total 83968K, used 16004K [0x00000000a0000000, 0x00000000a5200000, 0x00000000e0000000)
  object space 83968K, 19% used [0x00000000a0000000,0x00000000a0fa12b0,0x00000000a5200000)
 Metaspace       used 51880K, capacity 53308K, committed 53632K, reserved 1095680K
  class space    used 7035K, capacity 7471K, committed 7552K, reserved 1048576K
Event: 7.115 GC heap after
Heap after GC invocations=11 (full 2):
 PSYoungGen      total 198656K, used 13796K [0x00000000e0000000, 0x00000000f1780000, 0x0000000100000000)
  eden space 184832K, 0% used [0x00000000e0000000,0x00000000e0000000,0x00000000eb480000)
  from space 13824K, 99% used [0x00000000eb480000,0x00000000ec1f9188,0x00000000ec200000)
  to   space 19456K, 0% used [0x00000000f0480000,0x00000000f0480000,0x00000000f1780000)
 ParOldGen       total 83968K, used 25514K [0x00000000a0000000, 0x00000000a5200000, 0x00000000e0000000)
  object space 83968K, 30% used [0x00000000a0000000,0x00000000a18ea8f8,0x00000000a5200000)
 Metaspace       used 51880K, capacity 53308K, committed 53632K, reserved 1095680K
  class space    used 7035K, capacity 7471K, committed 7552K, reserved 1048576K
}
Event: 8.274 GC heap before
{Heap before GC invocations=12 (full 2):
 PSYoungGen      total 198656K, used 89513K [0x00000000e0000000, 0x00000000f1780000, 0x0000000100000000)
  eden space 184832K, 40% used [0x00000000e0000000,0x00000000e49f1368,0x00000000eb480000)
  from space 13824K, 99% used [0x00000000eb480000,0x00000000ec1f9188,0x00000000ec200000)
  to   space 19456K, 0% used [0x00000000f0480000,0x00000000f0480000,0x00000000f1780000)
 ParOldGen       total 83968K, used 25514K [0x00000000a0000000, 0x00000000a5200000, 0x00000000e0000000)
  object space 83968K, 30% used [0x00000000a0000000,0x00000000a18ea8f8,0x00000000a5200000)
 Metaspace       used 57465K, capacity 59043K, committed 59096K, reserved 1099776K
  class space    used 7777K, capacity 8192K, committed 8192K, reserved 1048576K
Event: 8.309 GC heap after
Heap after GC invocations=12 (full 2):
 PSYoungGen      total 264704K, used 17559K [0x00000000e0000000, 0x00000000f1c00000, 0x0000000100000000)
  eden space 245248K, 0% used [0x00000000e0000000,0x00000000e0000000,0x00000000eef80000)
  from space 19456K, 90% used [0x00000000f0480000,0x00000000f15a5f48,0x00000000f1780000)
  to   space 21504K, 0% used [0x00000000eef80000,0x00000000eef80000,0x00000000f0480000)
 ParOldGen       total 83968K, used 25522K [0x00000000a0000000, 0x00000000a5200000, 0x00000000e0000000)
  object space 83968K, 30% used [0x00000000a0000000,0x00000000a18ec8f8,0x00000000a5200000)
 Metaspace       used 57465K, capacity 59043K, committed 59096K, reserved 1099776K
  class space    used 7777K, capacity 8192K, committed 8192K, reserved 1048576K
}
Event: 8.309 GC heap before
{Heap before GC invocations=13 (full 3):
 PSYoungGen      total 264704K, used 17559K [0x00000000e0000000, 0x00000000f1c00000, 0x0000000100000000)
  eden space 245248K, 0% used [0x00000000e0000000,0x00000000e0000000,0x00000000eef80000)
  from space 19456K, 90% used [0x00000000f0480000,0x00000000f15a5f48,0x00000000f1780000)
  to   space 21504K, 0% used [0x00000000eef80000,0x00000000eef80000,0x00000000f0480000)
 ParOldGen       total 83968K, used 25522K [0x00000000a0000000, 0x00000000a5200000, 0x00000000e0000000)
  object space 83968K, 30% used [0x00000000a0000000,0x00000000a18ec8f8,0x00000000a5200000)
 Metaspace       used 57465K, capacity 59043K, committed 59096K, reserved 1099776K
  class space    used 7777K, capacity 8192K, committed 8192K, reserved 1048576K
Event: 8.511 GC heap after
Heap after GC invocations=13 (full 3):
 PSYoungGen      total 264704K, used 0K [0x00000000e0000000, 0x00000000f1c00000, 0x0000000100000000)
  eden space 245248K, 0% used [0x00000000e0000000,0x00000000e0000000,0x00000000eef80000)
  from space 19456K, 0% used [0x00000000f0480000,0x00000000f0480000,0x00000000f1780000)
  to   space 21504K, 0% used [0x00000000eef80000,0x00000000eef80000,0x00000000f0480000)
 ParOldGen       total 124416K, used 32589K [0x00000000a0000000, 0x00000000a7980000, 0x00000000e0000000)
  object space 124416K, 26% used [0x00000000a0000000,0x00000000a1fd34b8,0x00000000a7980000)
 Metaspace       used 57465K, capacity 59043K, committed 59096K, reserved 1099776K
  class space    used 7777K, capacity 8192K, committed 8192K, reserved 1048576K
}

